Determining if the pthread_create exist failed with the following output:
Change Dir: /home/asteria/CLionProjects/MyTestCode/cmake-build-debug/CMakeFiles/CMakeTmp

Run Build Command:"/usr/bin/make" "cmTC_0524a/fast"
/usr/bin/make -f CMakeFiles/cmTC_0524a.dir/build.make CMakeFiles/cmTC_0524a.dir/build
make[1]: ディレクトリ '/home/asteria/CLionProjects/MyTestCode/cmake-build-debug/CMakeFiles/CMakeTmp' に入ります
Building C object CMakeFiles/cmTC_0524a.dir/CheckSymbolExists.c.o
/usr/bin/gcc-5   -fPIC    -o CMakeFiles/cmTC_0524a.dir/CheckSymbolExists.c.o   -c /home/asteria/CLionProjects/MyTestCode/cmake-build-debug/CMakeFiles/CMakeTmp/CheckSymbolExists.c
Linking C executable cmTC_0524a
/home/asteria/app/clion-2018.1.3/bin/cmake/bin/cmake -E cmake_link_script CMakeFiles/cmTC_0524a.dir/link.txt --verbose=1
/usr/bin/gcc-5 -fPIC     CMakeFiles/cmTC_0524a.dir/CheckSymbolExists.c.o  -o cmTC_0524a 
CMakeFiles/cmTC_0524a.dir/CheckSymbolExists.c.o: 関数 `main' 内:
CheckSymbolExists.c:(.text+0x1b): `pthread_create' に対する定義されていない参照です
collect2: error: ld returned 1 exit status
CMakeFiles/cmTC_0524a.dir/build.make:97: ターゲット 'cmTC_0524a' のレシピで失敗しました
make[1]: *** [cmTC_0524a] エラー 1
make[1]: ディレクトリ '/home/asteria/CLionProjects/MyTestCode/cmake-build-debug/CMakeFiles/CMakeTmp' から出ます
Makefile:126: ターゲット 'cmTC_0524a/fast' のレシピで失敗しました
make: *** [cmTC_0524a/fast] エラー 2

File /home/asteria/CLionProjects/MyTestCode/cmake-build-debug/CMakeFiles/CMakeTmp/CheckSymbolExists.c:
/* */
#include <pthread.h>

int main(int argc, char** argv)
{
  (void)argv;
#ifndef pthread_create
  return ((int*)(&pthread_create))[argc];
#else
  (void)argc;
  return 0;
#endif
}

Determining if the function pthread_create exists in the pthreads failed with the following output:
Change Dir: /home/asteria/CLionProjects/MyTestCode/cmake-build-debug/CMakeFiles/CMakeTmp

Run Build Command:"/usr/bin/make" "cmTC_7d9fa/fast"
/usr/bin/make -f CMakeFiles/cmTC_7d9fa.dir/build.make CMakeFiles/cmTC_7d9fa.dir/build
make[1]: ディレクトリ '/home/asteria/CLionProjects/MyTestCode/cmake-build-debug/CMakeFiles/CMakeTmp' に入ります
Building C object CMakeFiles/cmTC_7d9fa.dir/CheckFunctionExists.c.o
/usr/bin/gcc-5   -fPIC -DCHECK_FUNCTION_EXISTS=pthread_create   -o CMakeFiles/cmTC_7d9fa.dir/CheckFunctionExists.c.o   -c /home/asteria/app/clion-2018.1.3/bin/cmake/share/cmake-3.10/Modules/CheckFunctionExists.c
Linking C executable cmTC_7d9fa
/home/asteria/app/clion-2018.1.3/bin/cmake/bin/cmake -E cmake_link_script CMakeFiles/cmTC_7d9fa.dir/link.txt --verbose=1
/usr/bin/gcc-5 -fPIC -DCHECK_FUNCTION_EXISTS=pthread_create    CMakeFiles/cmTC_7d9fa.dir/CheckFunctionExists.c.o  -o cmTC_7d9fa -lpthreads 
/usr/bin/ld: -lpthreads が見つかりません
collect2: error: ld returned 1 exit status
CMakeFiles/cmTC_7d9fa.dir/build.make:97: ターゲット 'cmTC_7d9fa' のレシピで失敗しました
make[1]: *** [cmTC_7d9fa] エラー 1
make[1]: ディレクトリ '/home/asteria/CLionProjects/MyTestCode/cmake-build-debug/CMakeFiles/CMakeTmp' から出ます
Makefile:126: ターゲット 'cmTC_7d9fa/fast' のレシピで失敗しました
make: *** [cmTC_7d9fa/fast] エラー 2


